This is pdfTeX, Version 3.1415926-2.5-1.40.14 (MiKTeX 2.9) (preloaded format=pdflatex 2014.10.11)  26 APR 2016 03:58
entering extended mode
**Unik4660*Oppgave*2.tex

("D:\PhD Course\UNIK4660_Visualization of Scientific Data\Oppgave 2\Report\Unik
4660 Oppgave 2.tex"
LaTeX2e <2011/06/27>
Babel <v3.8m> and hyphenation patterns for english, afrikaans, ancientgreek, ar
abic, armenian, assamese, basque, bengali, bokmal, bulgarian, catalan, coptic, 
croatian, czech, danish, dutch, esperanto, estonian, farsi, finnish, french, ga
lician, german, german-x-2013-05-26, greek, gujarati, hindi, hungarian, iceland
ic, indonesian, interlingua, irish, italian, kannada, kurmanji, latin, latvian,
 lithuanian, malayalam, marathi, mongolian, mongolianlmc, monogreek, ngerman, n
german-x-2013-05-26, nynorsk, oriya, panjabi, pinyin, polish, portuguese, roman
ian, russian, sanskrit, serbian, slovak, slovenian, spanish, swedish, swissgerm
an, tamil, telugu, turkish, turkmen, ukenglish, ukrainian, uppersorbian, usengl
ishmax, welsh, loaded.
("C:\Program Files (x86)\MiKTeX 2.9\tex\latex\base\article.cls"
Document Class: article 2007/10/19 v1.4h Standard LaTeX document class
("C:\Program Files (x86)\MiKTeX 2.9\tex\latex\base\size10.clo"
File: size10.clo 2007/10/19 v1.4h Standard LaTeX file (size option)
)
\c@part=\count79
\c@section=\count80
\c@subsection=\count81
\c@subsubsection=\count82
\c@paragraph=\count83
\c@subparagraph=\count84
\c@figure=\count85
\c@table=\count86
\abovecaptionskip=\skip41
\belowcaptionskip=\skip42
\bibindent=\dimen102
)
("C:\Program Files (x86)\MiKTeX 2.9\tex\latex\base\inputenc.sty"
Package: inputenc 2008/03/30 v1.1d Input encoding file
\inpenc@prehook=\toks14
\inpenc@posthook=\toks15

("C:\Program Files (x86)\MiKTeX 2.9\tex\latex\base\latin1.def"
File: latin1.def 2008/03/30 v1.1d Input encoding file
))
("C:\Program Files (x86)\MiKTeX 2.9\tex\latex\amsmath\amsmath.sty"
Package: amsmath 2013/01/14 v2.14 AMS math features
\@mathmargin=\skip43

For additional information on amsmath, use the `?' option.
("C:\Program Files (x86)\MiKTeX 2.9\tex\latex\amsmath\amstext.sty"
Package: amstext 2000/06/29 v2.01

("C:\Program Files (x86)\MiKTeX 2.9\tex\latex\amsmath\amsgen.sty"
File: amsgen.sty 1999/11/30 v2.0
\@emptytoks=\toks16
\ex@=\dimen103
))
("C:\Program Files (x86)\MiKTeX 2.9\tex\latex\amsmath\amsbsy.sty"
Package: amsbsy 1999/11/29 v1.2d
\pmbraise@=\dimen104
)
("C:\Program Files (x86)\MiKTeX 2.9\tex\latex\amsmath\amsopn.sty"
Package: amsopn 1999/12/14 v2.01 operator names
)
\inf@bad=\count87
LaTeX Info: Redefining \frac on input line 210.
\uproot@=\count88
\leftroot@=\count89
LaTeX Info: Redefining \overline on input line 306.
\classnum@=\count90
\DOTSCASE@=\count91
LaTeX Info: Redefining \ldots on input line 378.
LaTeX Info: Redefining \dots on input line 381.
LaTeX Info: Redefining \cdots on input line 466.
\Mathstrutbox@=\box26
\strutbox@=\box27
\big@size=\dimen105
LaTeX Font Info:    Redeclaring font encoding OML on input line 566.
LaTeX Font Info:    Redeclaring font encoding OMS on input line 567.
\macc@depth=\count92
\c@MaxMatrixCols=\count93
\dotsspace@=\muskip10
\c@parentequation=\count94
\dspbrk@lvl=\count95
\tag@help=\toks17
\row@=\count96
\column@=\count97
\maxfields@=\count98
\andhelp@=\toks18
\eqnshift@=\dimen106
\alignsep@=\dimen107
\tagshift@=\dimen108
\tagwidth@=\dimen109
\totwidth@=\dimen110
\lineht@=\dimen111
\@envbody=\toks19
\multlinegap=\skip44
\multlinetaggap=\skip45
\mathdisplay@stack=\toks20
LaTeX Info: Redefining \[ on input line 2665.
LaTeX Info: Redefining \] on input line 2666.
)
("C:\Program Files (x86)\MiKTeX 2.9\tex\latex\amsfonts\amsfonts.sty"
Package: amsfonts 2013/01/14 v3.01 Basic AMSFonts support
\symAMSa=\mathgroup4
\symAMSb=\mathgroup5
LaTeX Font Info:    Overwriting math alphabet `\mathfrak' in version `bold'
(Font)                  U/euf/m/n --> U/euf/b/n on input line 106.
)
("C:\Program Files (x86)\MiKTeX 2.9\tex\latex\amsfonts\amssymb.sty"
Package: amssymb 2013/01/14 v3.01 AMS font symbols
)
("C:\Program Files (x86)\MiKTeX 2.9\tex\latex\graphics\graphicx.sty"
Package: graphicx 1999/02/16 v1.0f Enhanced LaTeX Graphics (DPC,SPQR)

("C:\Program Files (x86)\MiKTeX 2.9\tex\latex\graphics\keyval.sty"
Package: keyval 1999/03/16 v1.13 key=value parser (DPC)
\KV@toks@=\toks21
)
("C:\Program Files (x86)\MiKTeX 2.9\tex\latex\graphics\graphics.sty"
Package: graphics 2009/02/05 v1.0o Standard LaTeX Graphics (DPC,SPQR)

("C:\Program Files (x86)\MiKTeX 2.9\tex\latex\graphics\trig.sty"
Package: trig 1999/03/16 v1.09 sin cos tan (DPC)
)
("C:\Program Files (x86)\MiKTeX 2.9\tex\latex\00miktex\graphics.cfg"
File: graphics.cfg 2007/01/18 v1.5 graphics configuration of teTeX/TeXLive
)
Package graphics Info: Driver file: pdftex.def on input line 91.

("C:\Program Files (x86)\MiKTeX 2.9\tex\latex\pdftex-def\pdftex.def"
File: pdftex.def 2011/05/27 v0.06d Graphics/color for pdfTeX

("C:\Program Files (x86)\MiKTeX 2.9\tex\generic\oberdiek\infwarerr.sty"
Package: infwarerr 2010/04/08 v1.3 Providing info/warning/error messages (HO)
)
("C:\Program Files (x86)\MiKTeX 2.9\tex\generic\oberdiek\ltxcmds.sty"
Package: ltxcmds 2011/11/09 v1.22 LaTeX kernel commands for general use (HO)
)
\Gread@gobject=\count99
))
\Gin@req@height=\dimen112
\Gin@req@width=\dimen113
)
("C:\Program Files (x86)\MiKTeX 2.9\tex\latex\subfig\subfig.sty"
Package: subfig 2005/06/28 ver: 1.3 subfig package

("C:\Program Files (x86)\MiKTeX 2.9\tex\latex\caption\caption3.sty"
Package: caption3 2013/05/02 v1.6-88 caption3 kernel (AR)
Package caption3 Info: TeX engine: e-TeX on input line 57.
\captionmargin=\dimen114
\captionmargin@=\dimen115
\captionwidth=\dimen116
\caption@tempdima=\dimen117
\caption@indent=\dimen118
\caption@parindent=\dimen119
\caption@hangindent=\dimen120
)
\c@KVtest=\count100
\sf@farskip=\skip46
\sf@captopadj=\dimen121
\sf@capskip=\skip47
\sf@nearskip=\skip48
\c@subfigure=\count101
\c@subfigure@save=\count102
\c@lofdepth=\count103
\c@subtable=\count104
\c@subtable@save=\count105
\c@lotdepth=\count106
\sf@top=\skip49
\sf@bottom=\skip50
)
("C:\Program Files (x86)\MiKTeX 2.9\tex\latex\oberdiek\grffile.sty"
Package: grffile 2012/04/05 v1.16 Extended file name support for graphics (HO)

("C:\Program Files (x86)\MiKTeX 2.9\tex\generic\oberdiek\ifpdf.sty"
Package: ifpdf 2011/01/30 v2.3 Provides the ifpdf switch (HO)
Package ifpdf Info: pdfTeX in PDF mode is detected.
)
("C:\Program Files (x86)\MiKTeX 2.9\tex\generic\ifxetex\ifxetex.sty"
Package: ifxetex 2010/09/12 v0.6 Provides ifxetex conditional
)
("C:\Program Files (x86)\MiKTeX 2.9\tex\latex\oberdiek\kvoptions.sty"
Package: kvoptions 2011/06/30 v3.11 Key value format for package options (HO)

("C:\Program Files (x86)\MiKTeX 2.9\tex\generic\oberdiek\kvsetkeys.sty"
Package: kvsetkeys 2012/04/25 v1.16 Key value parser (HO)

("C:\Program Files (x86)\MiKTeX 2.9\tex\generic\oberdiek\etexcmds.sty"
Package: etexcmds 2011/02/16 v1.5 Avoid name clashes with e-TeX commands (HO)

("C:\Program Files (x86)\MiKTeX 2.9\tex\generic\oberdiek\ifluatex.sty"
Package: ifluatex 2010/03/01 v1.3 Provides the ifluatex switch (HO)
Package ifluatex Info: LuaTeX not detected.
)
Package etexcmds Info: Could not find \expanded.
(etexcmds)             That can mean that you are not using pdfTeX 1.50 or
(etexcmds)             that some package has redefined \expanded.
(etexcmds)             In the latter case, load this package earlier.
)))
("C:\Program Files (x86)\MiKTeX 2.9\tex\generic\oberdiek\pdftexcmds.sty"
Package: pdftexcmds 2011/11/29 v0.20 Utility functions of pdfTeX for LuaTeX (HO
)
Package pdftexcmds Info: LuaTeX not detected.
Package pdftexcmds Info: \pdf@primitive is available.
Package pdftexcmds Info: \pdf@ifprimitive is available.
Package pdftexcmds Info: \pdfdraftmode found.
)
Package grffile Info: Option `multidot' is set to `true'.
Package grffile Info: Option `extendedchars' is set to `false'.
Package grffile Info: Option `space' is set to `true'.
Package grffile Info: \Gin@ii of package `graphicx' fixed on input line 486.
)
("D:\PhD Course\UNIK4660_Visualization of Scientific Data\Oppgave 2\Report\Unik
4660 Oppgave 2.aux")
LaTeX Font Info:    Checking defaults for OML/cmm/m/it on input line 19.
LaTeX Font Info:    ... okay on input line 19.
LaTeX Font Info:    Checking defaults for T1/cmr/m/n on input line 19.
LaTeX Font Info:    ... okay on input line 19.
LaTeX Font Info:    Checking defaults for OT1/cmr/m/n on input line 19.
LaTeX Font Info:    ... okay on input line 19.
LaTeX Font Info:    Checking defaults for OMS/cmsy/m/n on input line 19.
LaTeX Font Info:    ... okay on input line 19.
LaTeX Font Info:    Checking defaults for OMX/cmex/m/n on input line 19.
LaTeX Font Info:    ... okay on input line 19.
LaTeX Font Info:    Checking defaults for U/cmr/m/n on input line 19.
LaTeX Font Info:    ... okay on input line 19.

("C:\Program Files (x86)\MiKTeX 2.9\tex\context\base\supp-pdf.mkii"
[Loading MPS to PDF converter (version 2006.09.02).]
\scratchcounter=\count107
\scratchdimen=\dimen122
\scratchbox=\box28
\nofMPsegments=\count108
\nofMParguments=\count109
\everyMPshowfont=\toks22
\MPscratchCnt=\count110
\MPscratchDim=\dimen123
\MPnumerator=\count111
\makeMPintoPDFobject=\count112
\everyMPtoPDFconversion=\toks23
)
Package caption Info: Begin \AtBeginDocument code.
Package caption Info: subfig package v1.3 is loaded.
Package caption Info: End \AtBeginDocument code.
LaTeX Font Info:    Try loading font information for U+msa on input line 20.
 ("C:\Program Files (x86)\MiKTeX 2.9\tex\latex\amsfonts\umsa.fd"
File: umsa.fd 2013/01/14 v3.01 AMS symbols A
)
LaTeX Font Info:    Try loading font information for U+msb on input line 20.

("C:\Program Files (x86)\MiKTeX 2.9\tex\latex\amsfonts\umsb.fd"
File: umsb.fd 2013/01/14 v3.01 AMS symbols B
)

LaTeX Warning: No \author given.


Underfull \hbox (badness 10000) in paragraph at lines 22--23

 []


Overfull \hbox (4.431pt too wide) in paragraph at lines 48--48
[]\OT1/cmr/m/n/10 computeIlluminateTextureMap.m| 
 []


Overfull \hbox (7.74156pt too wide) in paragraph at lines 24--62
[][] 
 []

[1

{C:/Users/k/AppData/Local/MiKTeX/2.9/pdftex/config/pdftex.map}]
<Figures/SingeStreamlines/forwardEuler_0.5.jpg, id=14, 867.24pt x 788.9475pt>
File: Figures/SingeStreamlines/forwardEuler_0.5.jpg Graphic file (type jpg)

<use Figures/SingeStreamlines/forwardEuler_0.5.jpg>
Package pdftex.def Info: Figures/SingeStreamlines/forwardEuler_0.5.jpg used on 
input line 75.
(pdftex.def)             Requested size: 235.73624pt x 214.45123pt.

<Figures/SingeStreamlines/RungeKutta_0.5.jpg, id=15, 867.24pt x 788.9475pt>
File: Figures/SingeStreamlines/RungeKutta_0.5.jpg Graphic file (type jpg)

<use Figures/SingeStreamlines/RungeKutta_0.5.jpg>
Package pdftex.def Info: Figures/SingeStreamlines/RungeKutta_0.5.jpg used on in
put line 78.
(pdftex.def)             Requested size: 235.73624pt x 214.45123pt.

Overfull \hbox (13.3333pt too wide) in paragraph at lines 75--79
 [][][] 
 []

<Figures/SingeStreamlines/forwardEuler_10.jpg, id=16, 867.24pt x 788.9475pt>
File: Figures/SingeStreamlines/forwardEuler_10.jpg Graphic file (type jpg)

<use Figures/SingeStreamlines/forwardEuler_10.jpg>
Package pdftex.def Info: Figures/SingeStreamlines/forwardEuler_10.jpg used on i
nput line 82.
(pdftex.def)             Requested size: 235.73624pt x 214.45123pt.

<Figures/SingeStreamlines/RungeKutta_10.jpg, id=17, 867.24pt x 788.9475pt>
File: Figures/SingeStreamlines/RungeKutta_10.jpg Graphic file (type jpg)

<use Figures/SingeStreamlines/RungeKutta_10.jpg>
Package pdftex.def Info: Figures/SingeStreamlines/RungeKutta_10.jpg used on inp
ut line 85.
(pdftex.def)             Requested size: 235.73624pt x 214.45123pt.

Overfull \hbox (13.3333pt too wide) in paragraph at lines 82--86
 [][][] 
 []


<Figures/SingeStreamlines/adaptiveRungeKutta.jpg, id=18, 868.24374pt x 788.9475
pt>
File: Figures/SingeStreamlines/adaptiveRungeKutta.jpg Graphic file (type jpg)
 <use Figures/SingeStreamlines/adaptiveRungeKutta.jpg>
Package pdftex.def Info: Figures/SingeStreamlines/adaptiveRungeKutta.jpg used o
n input line 89.
(pdftex.def)             Requested size: 235.73624pt x 214.19843pt.


LaTeX Warning: Float too large for page by 11.01724pt on input line 92.

LaTeX Font Info:    Try loading font information for OMS+cmr on input line 97.
("C:\Program Files (x86)\MiKTeX 2.9\tex\latex\base\omscmr.fd"
File: omscmr.fd 1999/05/25 v2.5h Standard LaTeX font definitions
)
LaTeX Font Info:    Font shape `OMS/cmr/m/n' in size <10> not available
(Font)              Font shape `OMS/cmsy/m/n' tried instead on input line 97.

<Figures/Streamlines/grid.jpg, id=19, 867.24pt x 788.9475pt>
File: Figures/Streamlines/grid.jpg Graphic file (type jpg)

<use Figures/Streamlines/grid.jpg>
Package pdftex.def Info: Figures/Streamlines/grid.jpg used on input line 110.
(pdftex.def)             Requested size: 235.73624pt x 214.45123pt.

<Figures/Streamlines/poisson.jpg, id=20, 867.24pt x 788.9475pt>
File: Figures/Streamlines/poisson.jpg Graphic file (type jpg)

<use Figures/Streamlines/poisson.jpg>
Package pdftex.def Info: Figures/Streamlines/poisson.jpg used on input line 113
.
(pdftex.def)             Requested size: 235.73624pt x 214.45123pt.

Overfull \hbox (13.3333pt too wide) in paragraph at lines 110--114
 [][][] 
 []

<Figures/Streamlines/doi_velocity.jpg, id=21, 867.24pt x 788.9475pt>
File: Figures/Streamlines/doi_velocity.jpg Graphic file (type jpg)

<use Figures/Streamlines/doi_velocity.jpg>
Package pdftex.def Info: Figures/Streamlines/doi_velocity.jpg used on input lin
e 117.
(pdftex.def)             Requested size: 235.73624pt x 214.45123pt.

<Figures/Streamlines/doi_enstrophy.jpg, id=22, 867.24pt x 788.9475pt>
File: Figures/Streamlines/doi_enstrophy.jpg Graphic file (type jpg)

<use Figures/Streamlines/doi_enstrophy.jpg>
Package pdftex.def Info: Figures/Streamlines/doi_enstrophy.jpg used on input li
ne 120.
(pdftex.def)             Requested size: 235.73624pt x 214.45123pt.

Overfull \hbox (13.3333pt too wide) in paragraph at lines 117--121
 [][][] 
 []

<Figures/Streamlines/topo.jpg, id=23, 867.24pt x 788.9475pt>
File: Figures/Streamlines/topo.jpg Graphic file (type jpg)

<use Figures/Streamlines/topo.jpg>
Package pdftex.def Info: Figures/Streamlines/topo.jpg used on input line 124.
(pdftex.def)             Requested size: 235.73624pt x 214.45123pt.

<Figures/Streamlines/topo_poisson.jpg, id=24, 867.24pt x 788.9475pt>
File: Figures/Streamlines/topo_poisson.jpg Graphic file (type jpg)

<use Figures/Streamlines/topo_poisson.jpg>
Package pdftex.def Info: Figures/Streamlines/topo_poisson.jpg used on input lin
e 127.
(pdftex.def)             Requested size: 235.73624pt x 214.45123pt.

Overfull \hbox (13.3333pt too wide) in paragraph at lines 124--128
 [][][] 
 []


LaTeX Warning: Float too large for page by 11.27005pt on input line 130.

<Figures/Streamlines/metsim1_grid.jpg, id=25, 465.74pt x 387.4475pt>
File: Figures/Streamlines/metsim1_grid.jpg Graphic file (type jpg)

<use Figures/Streamlines/metsim1_grid.jpg>
Package pdftex.def Info: Figures/Streamlines/metsim1_grid.jpg used on input lin
e 136.
(pdftex.def)             Requested size: 235.73624pt x 196.10579pt.

<Figures/Streamlines/metsim1_poisson.jpg, id=26, 465.74pt x 387.4475pt>
File: Figures/Streamlines/metsim1_poisson.jpg Graphic file (type jpg)

<use Figures/Streamlines/metsim1_poisson.jpg>
Package pdftex.def Info: Figures/Streamlines/metsim1_poisson.jpg used on input 
line 139.
(pdftex.def)             Requested size: 235.73624pt x 196.10579pt.

Overfull \hbox (13.3333pt too wide) in paragraph at lines 136--140
 [][][] 
 []

<Figures/Streamlines/metsim1_doi_velocity.jpg, id=27, 465.74pt x 387.4475pt>
File: Figures/Streamlines/metsim1_doi_velocity.jpg Graphic file (type jpg)

<use Figures/Streamlines/metsim1_doi_velocity.jpg>
Package pdftex.def Info: Figures/Streamlines/metsim1_doi_velocity.jpg used on i
nput line 143.
(pdftex.def)             Requested size: 235.73624pt x 196.10579pt.

<Figures/Streamlines/metsim1_doi_enstrophy.jpg, id=28, 465.74pt x 387.4475pt>
File: Figures/Streamlines/metsim1_doi_enstrophy.jpg Graphic file (type jpg)

<use Figures/Streamlines/metsim1_doi_enstrophy.jpg>
Package pdftex.def Info: Figures/Streamlines/metsim1_doi_enstrophy.jpg used on 
input line 146.
(pdftex.def)             Requested size: 235.73624pt x 196.10579pt.

Overfull \hbox (13.3333pt too wide) in paragraph at lines 143--147
 [][][] 
 []

<Figures/Streamlines/metsim1_topo.jpg, id=29, 465.74pt x 387.4475pt>
File: Figures/Streamlines/metsim1_topo.jpg Graphic file (type jpg)

<use Figures/Streamlines/metsim1_topo.jpg>
Package pdftex.def Info: Figures/Streamlines/metsim1_topo.jpg used on input lin
e 150.
(pdftex.def)             Requested size: 235.73624pt x 196.10579pt.

<Figures/Streamlines/poisson_50.jpg, id=30, 867.24pt x 788.9475pt>
File: Figures/Streamlines/poisson_50.jpg Graphic file (type jpg)

<use Figures/Streamlines/poisson_50.jpg>
Package pdftex.def Info: Figures/Streamlines/poisson_50.jpg used on input line 
159.
(pdftex.def)             Requested size: 235.73624pt x 214.45123pt.

<Figures/Streamlines/poisson_100.jpg, id=31, 867.24pt x 788.9475pt>
File: Figures/Streamlines/poisson_100.jpg Graphic file (type jpg)

<use Figures/Streamlines/poisson_100.jpg>
Package pdftex.def Info: Figures/Streamlines/poisson_100.jpg used on input line
 162.
(pdftex.def)             Requested size: 235.73624pt x 214.45123pt.

Overfull \hbox (13.3333pt too wide) in paragraph at lines 159--163
 [][][] 
 []

<Figures/Streamlines/poisson_200.jpg, id=32, 867.24pt x 788.9475pt>
File: Figures/Streamlines/poisson_200.jpg Graphic file (type jpg)

<use Figures/Streamlines/poisson_200.jpg>
Package pdftex.def Info: Figures/Streamlines/poisson_200.jpg used on input line
 166.
(pdftex.def)             Requested size: 235.73624pt x 214.45123pt.

<Figures/Streamlines/poisson_300.jpg, id=33, 867.24pt x 788.9475pt>
File: Figures/Streamlines/poisson_300.jpg Graphic file (type jpg)

<use Figures/Streamlines/poisson_300.jpg>
Package pdftex.def Info: Figures/Streamlines/poisson_300.jpg used on input line
 169.
(pdftex.def)             Requested size: 235.73624pt x 214.45123pt.

Overfull \hbox (13.3333pt too wide) in paragraph at lines 166--170
 [][][] 
 []

File: Figures/Streamlines/poisson.jpg Graphic file (type jpg)
<use Figures/Streamlines/poisson.jpg>
Package pdftex.def Info: Figures/Streamlines/poisson.jpg used on input line 173
.
(pdftex.def)             Requested size: 235.73624pt x 214.45123pt.


LaTeX Warning: Float too large for page by 11.27005pt on input line 176.

[2] [3 <D:/PhD Course/UNIK4660_Visualization of Scientific Data/Oppgave 2/Repor
t/Figures/SingeStreamlines/forwardEuler_0.5.jpg> <D:/PhD Course/UNIK4660_Visual
ization of Scientific Data/Oppgave 2/Report/Figures/SingeStreamlines/RungeKutta
_0.5.jpg> <D:/PhD Course/UNIK4660_Visualization of Scientific Data/Oppgave 2/Re
port/Figures/SingeStreamlines/forwardEuler_10.jpg> <D:/PhD Course/UNIK4660_Visu
alization of Scientific Data/Oppgave 2/Report/Figures/SingeStreamlines/RungeKut
ta_10.jpg> <D:/PhD Course/UNIK4660_Visualization of Scientific Data/Oppgave 2/R
eport/Figures/SingeStreamlines/adaptiveRungeKutta.jpg>] [4 <D:/PhD Course/UNIK4
660_Visualization of Scientific Data/Oppgave 2/Report/Figures/Streamlines/grid.
jpg> <D:/PhD Course/UNIK4660_Visualization of Scientific Data/Oppgave 2/Report/
Figures/Streamlines/poisson.jpg> <D:/PhD Course/UNIK4660_Visualization of Scien
tific Data/Oppgave 2/Report/Figures/Streamlines/doi_velocity.jpg> <D:/PhD Cours
e/UNIK4660_Visualization of Scientific Data/Oppgave 2/Report/Figures/Streamline
s/doi_enstrophy.jpg> <D:/PhD Course/UNIK4660_Visualization of Scientific Data/O
ppgave 2/Report/Figures/Streamlines/topo.jpg> <D:/PhD Course/UNIK4660_Visualiza
tion of Scientific Data/Oppgave 2/Report/Figures/Streamlines/topo_poisson.jpg>]
[5 <D:/PhD Course/UNIK4660_Visualization of Scientific Data/Oppgave 2/Report/Fi
gures/Streamlines/metsim1_grid.jpg> <D:/PhD Course/UNIK4660_Visualization of Sc
ientific Data/Oppgave 2/Report/Figures/Streamlines/metsim1_poisson.jpg> <D:/PhD
 Course/UNIK4660_Visualization of Scientific Data/Oppgave 2/Report/Figures/Stre
amlines/metsim1_doi_velocity.jpg> <D:/PhD Course/UNIK4660_Visualization of Scie
ntific Data/Oppgave 2/Report/Figures/Streamlines/metsim1_doi_enstrophy.jpg> <D:
/PhD Course/UNIK4660_Visualization of Scientific Data/Oppgave 2/Report/Figures/
Streamlines/metsim1_topo.jpg>] [6 <D:/PhD Course/UNIK4660_Visualization of Scie
ntific Data/Oppgave 2/Report/Figures/Streamlines/poisson_50.jpg> <D:/PhD Course
/UNIK4660_Visualization of Scientific Data/Oppgave 2/Report/Figures/Streamlines
/poisson_100.jpg> <D:/PhD Course/UNIK4660_Visualization of Scientific Data/Oppg
ave 2/Report/Figures/Streamlines/poisson_200.jpg> <D:/PhD Course/UNIK4660_Visua
lization of Scientific Data/Oppgave 2/Report/Figures/Streamlines/poisson_300.jp
g>] <Figures/LIC/isabel_Euler_Ldefault.jpg, id=51, 866.23625pt x 787.94376pt>
File: Figures/LIC/isabel_Euler_Ldefault.jpg Graphic file (type jpg)

<use Figures/LIC/isabel_Euler_Ldefault.jpg>
Package pdftex.def Info: Figures/LIC/isabel_Euler_Ldefault.jpg used on input li
ne 212.
(pdftex.def)             Requested size: 235.73624pt x 214.43088pt.

<Figures/LIC/isabel_Euler_L15.jpg, id=52, 866.23625pt x 787.94376pt>
File: Figures/LIC/isabel_Euler_L15.jpg Graphic file (type jpg)

<use Figures/LIC/isabel_Euler_L15.jpg>
Package pdftex.def Info: Figures/LIC/isabel_Euler_L15.jpg used on input line 21
5.
(pdftex.def)             Requested size: 235.73624pt x 214.43088pt.

Overfull \hbox (13.3333pt too wide) in paragraph at lines 212--216
 [][][] 
 []


<Figures/LIC/isabel_adaptiveRK4_Ldefault.jpg, id=53, 866.23625pt x 787.94376pt>
File: Figures/LIC/isabel_adaptiveRK4_Ldefault.jpg Graphic file (type jpg)
<use Figures/LIC/isabel_adaptiveRK4_Ldefault.jpg>
Package pdftex.def Info: Figures/LIC/isabel_adaptiveRK4_Ldefault.jpg used on in
put line 219.
(pdftex.def)             Requested size: 235.73624pt x 214.43088pt.

<Figures/LIC/isabel_adaptiveeRK4_L15.jpg, id=54, 866.23625pt x 787.94376pt>
File: Figures/LIC/isabel_adaptiveeRK4_L15.jpg Graphic file (type jpg)

<use Figures/LIC/isabel_adaptiveeRK4_L15.jpg>
Package pdftex.def Info: Figures/LIC/isabel_adaptiveeRK4_L15.jpg used on input 
line 222.
(pdftex.def)             Requested size: 235.73624pt x 214.43088pt.

Overfull \hbox (13.3333pt too wide) in paragraph at lines 219--223
 [][][] 
 []

<Figures/LIC/metsim1_Euler_Ldefault.jpg, id=55, 464.73625pt x 386.44376pt>
File: Figures/LIC/metsim1_Euler_Ldefault.jpg Graphic file (type jpg)

<use Figures/LIC/metsim1_Euler_Ldefault.jpg>
Package pdftex.def Info: Figures/LIC/metsim1_Euler_Ldefault.jpg used on input l
ine 226.
(pdftex.def)             Requested size: 235.73624pt x 196.02231pt.

<Figures/LIC/metsim1_adaptiveRK4_Ldefault.jpg, id=56, 464.73625pt x 386.44376pt
>
File: Figures/LIC/metsim1_adaptiveRK4_Ldefault.jpg Graphic file (type jpg)
 <use Figures/LIC/metsim1_adaptiveRK4_Ldefault.jpg>
Package pdftex.def Info: Figures/LIC/metsim1_adaptiveRK4_Ldefault.jpg used on i
nput line 229.
(pdftex.def)             Requested size: 235.73624pt x 196.02231pt.

Overfull \hbox (13.3333pt too wide) in paragraph at lines 226--230
 [][][] 
 []

[7

] [8 <D:/PhD Course/UNIK4660_Visualization of Scientific Data/Oppgave 2/Report/
Figures/LIC/isabel_Euler_Ldefault.jpg> <D:/PhD Course/UNIK4660_Visualization of
 Scientific Data/Oppgave 2/Report/Figures/LIC/isabel_Euler_L15.jpg> <D:/PhD Cou
rse/UNIK4660_Visualization of Scientific Data/Oppgave 2/Report/Figures/LIC/isab
el_adaptiveRK4_Ldefault.jpg> <D:/PhD Course/UNIK4660_Visualization of Scientifi
c Data/Oppgave 2/Report/Figures/LIC/isabel_adaptiveeRK4_L15.jpg> <D:/PhD Course
/UNIK4660_Visualization of Scientific Data/Oppgave 2/Report/Figures/LIC/metsim1
_Euler_Ldefault.jpg> <D:/PhD Course/UNIK4660_Visualization of Scientific Data/O
ppgave 2/Report/Figures/LIC/metsim1_adaptiveRK4_Ldefault.jpg>]
<Figures/Extras/Enstrophy.jpg, id=68, 867.24pt x 788.9475pt>
File: Figures/Extras/Enstrophy.jpg Graphic file (type jpg)

<use Figures/Extras/Enstrophy.jpg>
Package pdftex.def Info: Figures/Extras/Enstrophy.jpg used on input line 247.
(pdftex.def)             Requested size: 235.73624pt x 214.45123pt.

<Figures/Extras/Enstrophy_sqrt.jpg, id=69, 867.24pt x 788.9475pt>
File: Figures/Extras/Enstrophy_sqrt.jpg Graphic file (type jpg)

<use Figures/Extras/Enstrophy_sqrt.jpg>
Package pdftex.def Info: Figures/Extras/Enstrophy_sqrt.jpg used on input line 2
50.
(pdftex.def)             Requested size: 235.73624pt x 214.45123pt.

Overfull \hbox (13.3333pt too wide) in paragraph at lines 247--251
 [][][] 
 []

<Figures/Extras/Q_criterion.jpg, id=70, 867.24pt x 788.9475pt>
File: Figures/Extras/Q_criterion.jpg Graphic file (type jpg)

<use Figures/Extras/Q_criterion.jpg>
Package pdftex.def Info: Figures/Extras/Q_criterion.jpg used on input line 254.

(pdftex.def)             Requested size: 235.73624pt x 214.45123pt.

<Figures/Extras/Q_criterion_sqrt.jpg, id=71, 867.24pt x 788.9475pt>
File: Figures/Extras/Q_criterion_sqrt.jpg Graphic file (type jpg)

<use Figures/Extras/Q_criterion_sqrt.jpg>
Package pdftex.def Info: Figures/Extras/Q_criterion_sqrt.jpg used on input line
 257.
(pdftex.def)             Requested size: 235.73624pt x 214.45123pt.

Overfull \hbox (13.3333pt too wide) in paragraph at lines 254--258
 [][][] 
 []

<Figures/Extras/TopoDegree.jpg, id=72, 867.24pt x 788.9475pt>
File: Figures/Extras/TopoDegree.jpg Graphic file (type jpg)

<use Figures/Extras/TopoDegree.jpg>
Package pdftex.def Info: Figures/Extras/TopoDegree.jpg used on input line 268.
(pdftex.def)             Requested size: 235.73624pt x 214.45123pt.

<Figures/Extras/ClassifyCriticalPoints.png, id=73, 650.43pt x 591.71063pt>
File: Figures/Extras/ClassifyCriticalPoints.png Graphic file (type png)

<use Figures/Extras/ClassifyCriticalPoints.png>
Package pdftex.def Info: Figures/Extras/ClassifyCriticalPoints.png used on inpu
t line 271.
(pdftex.def)             Requested size: 235.73624pt x 214.45123pt.

Overfull \hbox (13.3333pt too wide) in paragraph at lines 268--272
 [][][] 
 []

<Figures/Extras/TextureMap_T1_T2.jpg, id=74, 1169.36874pt x 991.705pt>
File: Figures/Extras/TextureMap_T1_T2.jpg Graphic file (type jpg)

<use Figures/Extras/TextureMap_T1_T2.jpg>
Package pdftex.def Info: Figures/Extras/TextureMap_T1_T2.jpg used on input line
 283.
(pdftex.def)             Requested size: 235.73624pt x 199.91122pt.

<Figures/Extras/ISL_VmiddleL00.jpg, id=75, 867.24pt x 782.925pt>
File: Figures/Extras/ISL_VmiddleL00.jpg Graphic file (type jpg)

<use Figures/Extras/ISL_VmiddleL00.jpg>
Package pdftex.def Info: Figures/Extras/ISL_VmiddleL00.jpg used on input line 2
87.
(pdftex.def)             Requested size: 235.73624pt x 212.81421pt.

<Figures/Extras/ISL_VmiddleLmiddle.jpg, id=76, 867.24pt x 782.925pt>
File: Figures/Extras/ISL_VmiddleLmiddle.jpg Graphic file (type jpg)

<use Figures/Extras/ISL_VmiddleLmiddle.jpg>
Package pdftex.def Info: Figures/Extras/ISL_VmiddleLmiddle.jpg used on input li
ne 290.
(pdftex.def)             Requested size: 235.73624pt x 212.81421pt.

Overfull \hbox (13.3333pt too wide) in paragraph at lines 287--291
 [][][] 
 []

[9] [10 <D:/PhD Course/UNIK4660_Visualization of Scientific Data/Oppgave 2/Repo
rt/Figures/Extras/Enstrophy.jpg> <D:/PhD Course/UNIK4660_Visualization of Scien
tific Data/Oppgave 2/Report/Figures/Extras/Enstrophy_sqrt.jpg> <D:/PhD Course/U
NIK4660_Visualization of Scientific Data/Oppgave 2/Report/Figures/Extras/Q_crit
erion.jpg> <D:/PhD Course/UNIK4660_Visualization of Scientific Data/Oppgave 2/R
eport/Figures/Extras/Q_criterion_sqrt.jpg>] [11 <D:/PhD Course/UNIK4660_Visuali
zation of Scientific Data/Oppgave 2/Report/Figures/Extras/TopoDegree.jpg> <D:/P
hD Course/UNIK4660_Visualization of Scientific Data/Oppgave 2/Report/Figures/Ex
tras/ClassifyCriticalPoints.png (PNG copy)>] [12 <D:/PhD Course/UNIK4660_Visual
ization of Scientific Data/Oppgave 2/Report/Figures/Extras/TextureMap_T1_T2.jpg
> <D:/PhD Course/UNIK4660_Visualization of Scientific Data/Oppgave 2/Report/Fig
ures/Extras/ISL_VmiddleL00.jpg> <D:/PhD Course/UNIK4660_Visualization of Scient
ific Data/Oppgave 2/Report/Figures/Extras/ISL_VmiddleLmiddle.jpg>]
("D:\PhD Course\UNIK4660_Visualization of Scientific Data\Oppgave 2\Report\Unik
4660 Oppgave 2.aux") ) 
Here is how much of TeX's memory you used:
 3283 strings out of 493921
 51815 string characters out of 3144887
 109195 words of memory out of 3000000
 6539 multiletter control sequences out of 15000+200000
 11849 words of font info for 46 fonts, out of 3000000 for 9000
 841 hyphenation exceptions out of 8191
 36i,10n,47p,1093b,348s stack positions out of 5000i,500n,10000p,200000b,50000s
<C:/Program Files (x86)/MiKTeX 2.9/fonts/type1/public/ams
fonts/cm/cmbx10.pfb><C:/Program Files (x86)/MiKTeX 2.9/fonts/type1/public/amsfo
nts/cm/cmbx12.pfb><C:/Program Files (x86)/MiKTeX 2.9/fonts/type1/public/amsfont
s/cm/cmex10.pfb><C:/Program Files (x86)/MiKTeX 2.9/fonts/type1/public/amsfonts/
cm/cmmi10.pfb><C:/Program Files (x86)/MiKTeX 2.9/fonts/type1/public/amsfonts/cm
/cmmi7.pfb><C:/Program Files (x86)/MiKTeX 2.9/fonts/type1/public/amsfonts/cm/cm
mi8.pfb><C:/Program Files (x86)/MiKTeX 2.9/fonts/type1/public/amsfonts/cm/cmr10
.pfb><C:/Program Files (x86)/MiKTeX 2.9/fonts/type1/public/amsfonts/cm/cmr12.pf
b><C:/Program Files (x86)/MiKTeX 2.9/fonts/type1/public/amsfonts/cm/cmr17.pfb><
C:/Program Files (x86)/MiKTeX 2.9/fonts/type1/public/amsfonts/cm/cmr5.pfb><C:/P
rogram Files (x86)/MiKTeX 2.9/fonts/type1/public/amsfonts/cm/cmr6.pfb><C:/Progr
am Files (x86)/MiKTeX 2.9/fonts/type1/public/amsfonts/cm/cmr7.pfb><C:/Program F
iles (x86)/MiKTeX 2.9/fonts/type1/public/amsfonts/cm/cmr8.pfb><C:/Program Files
 (x86)/MiKTeX 2.9/fonts/type1/public/amsfonts/cm/cmsy10.pfb><C:/Program Files (
x86)/MiKTeX 2.9/fonts/type1/public/amsfonts/cm/cmsy7.pfb><C:/Program Files (x86
)/MiKTeX 2.9/fonts/type1/public/amsfonts/cm/cmti10.pfb>
Output written on "Unik4660 Oppgave 2.pdf" (12 pages, 2778767 bytes).
PDF statistics:
 140 PDF objects out of 1000 (max. 8388607)
 0 named destinations out of 1000 (max. 500000)
 176 words of extra memory for PDF output out of 10000 (max. 10000000)

